<?xml version="1.0" encoding="UTF-8"?>
<coverage generated="1586361998844" clover="3.2.0">
  <project timestamp="1586361998844" name="All files">
    <metrics statements="91" coveredstatements="76" conditionals="55" coveredconditionals="43" methods="61" coveredmethods="35" elements="207" coveredelements="154" complexity="0" loc="91" ncloc="91" packages="6" files="14" classes="14">
      <package name="actions">
        <metrics statements="9" coveredstatements="8" conditionals="7" coveredconditionals="0" methods="8" coveredmethods="0"/>
        <file name="expenses.js" path="C:\Users\Doğukan OLGUN\Desktop\JavaScript\React\expensify-app\src\actions\expenses.js">
          <metrics statements="4" coveredstatements="3" conditionals="6" coveredconditionals="0" methods="3" coveredmethods="0"/>
          <line num="4" count="2" type="stmt"/>
          <line num="11" count="0" type="stmt"/>
          <line num="23" count="2" type="cond" truecount="0" falsecount="1"/>
          <line num="29" count="2" type="stmt"/>
        </file>
        <file name="filters.js" path="C:\Users\Doğukan OLGUN\Desktop\JavaScript\React\expensify-app\src\actions\filters.js">
          <metrics statements="5" coveredstatements="5" conditionals="1" coveredconditionals="0" methods="5" coveredmethods="0"/>
          <line num="2" count="2" type="cond" truecount="0" falsecount="1"/>
          <line num="8" count="2" type="stmt"/>
          <line num="13" count="2" type="stmt"/>
          <line num="18" count="2" type="stmt"/>
          <line num="24" count="2" type="stmt"/>
        </file>
      </package>
      <package name="components">
        <metrics statements="60" coveredstatements="46" conditionals="26" coveredconditionals="22" methods="47" coveredmethods="29"/>
        <file name="AddExpensePage.js" path="C:\Users\Doğukan OLGUN\Desktop\JavaScript\React\expensify-app\src\components\AddExpensePage.js">
          <metrics statements="5" coveredstatements="4" conditionals="0" coveredconditionals="0" methods="4" coveredmethods="2"/>
          <line num="8" count="1" type="stmt"/>
          <line num="9" count="1" type="stmt"/>
          <line num="12" count="2" type="stmt"/>
          <line num="21" count="1" type="stmt"/>
          <line num="22" count="0" type="stmt"/>
        </file>
        <file name="EditExpensePage.js" path="C:\Users\Doğukan OLGUN\Desktop\JavaScript\React\expensify-app\src\components\EditExpensePage.js">
          <metrics statements="10" coveredstatements="7" conditionals="0" coveredconditionals="0" methods="8" coveredmethods="3"/>
          <line num="8" count="1" type="stmt"/>
          <line num="9" count="1" type="stmt"/>
          <line num="12" count="1" type="stmt"/>
          <line num="13" count="1" type="stmt"/>
          <line num="16" count="3" type="stmt"/>
          <line num="28" count="1" type="stmt"/>
          <line num="30" count="0" type="stmt"/>
          <line num="34" count="1" type="stmt"/>
          <line num="35" count="0" type="stmt"/>
          <line num="36" count="0" type="stmt"/>
        </file>
        <file name="ExpenseDashboardPage.js" path="C:\Users\Doğukan OLGUN\Desktop\JavaScript\React\expensify-app\src\components\ExpenseDashboardPage.js">
          <metrics statements="2" coveredstatements="2" conditionals="0" coveredconditionals="0" methods="1" coveredmethods="1"/>
          <line num="5" count="1" type="stmt"/>
          <line num="6" count="1" type="stmt"/>
        </file>
        <file name="ExpenseForm.js" path="C:\Users\Doğukan OLGUN\Desktop\JavaScript\React\expensify-app\src\components\ExpenseForm.js">
          <metrics statements="19" coveredstatements="16" conditionals="20" coveredconditionals="17" methods="16" coveredmethods="14"/>
          <line num="12" count="9" type="stmt"/>
          <line num="14" count="9" type="stmt"/>
          <line num="24" count="1" type="stmt"/>
          <line num="25" count="1" type="stmt"/>
          <line num="28" count="1" type="stmt"/>
          <line num="29" count="1" type="stmt"/>
          <line num="32" count="2" type="stmt"/>
          <line num="33" count="2" type="cond" truecount="4" falsecount="0"/>
          <line num="34" count="1" type="stmt"/>
          <line num="38" count="1" type="cond" truecount="1" falsecount="1"/>
          <line num="39" count="1" type="stmt"/>
          <line num="43" count="1" type="stmt"/>
          <line num="46" count="1" type="stmt"/>
          <line num="48" count="1" type="cond" truecount="2" falsecount="2"/>
          <line num="50" count="1" type="stmt"/>
          <line num="52" count="0" type="stmt"/>
          <line num="53" count="0" type="stmt"/>
          <line num="62" count="15" type="stmt"/>
          <line num="85" count="0" type="stmt"/>
        </file>
        <file name="ExpenseList.js" path="C:\Users\Doğukan OLGUN\Desktop\JavaScript\React\expensify-app\src\components\ExpenseList.js">
          <metrics statements="5" coveredstatements="4" conditionals="2" coveredconditionals="2" methods="3" coveredmethods="2"/>
          <line num="6" count="2" type="stmt"/>
          <line num="7" count="2" type="stmt"/>
          <line num="14" count="3" type="stmt"/>
          <line num="21" count="2" type="stmt"/>
          <line num="22" count="0" type="stmt"/>
        </file>
        <file name="ExpenseListFilters.js" path="C:\Users\Doğukan OLGUN\Desktop\JavaScript\React\expensify-app\src\components\ExpenseListFilters.js">
          <metrics statements="17" coveredstatements="11" conditionals="4" coveredconditionals="3" methods="14" coveredmethods="6"/>
          <line num="17" count="1" type="stmt"/>
          <line num="18" count="1" type="stmt"/>
          <line num="21" count="1" type="stmt"/>
          <line num="24" count="1" type="stmt"/>
          <line num="27" count="2" type="cond" truecount="2" falsecount="0"/>
          <line num="28" count="1" type="stmt"/>
          <line num="29" count="1" type="cond" truecount="1" falsecount="1"/>
          <line num="30" count="1" type="stmt"/>
          <line num="34" count="10" type="stmt"/>
          <line num="56" count="0" type="stmt"/>
          <line num="63" count="2" type="stmt"/>
          <line num="67" count="2" type="stmt"/>
          <line num="68" count="0" type="stmt"/>
          <line num="69" count="0" type="stmt"/>
          <line num="70" count="0" type="stmt"/>
          <line num="71" count="0" type="stmt"/>
          <line num="72" count="0" type="stmt"/>
        </file>
        <file name="ExpenseListItem.js" path="C:\Users\Doğukan OLGUN\Desktop\JavaScript\React\expensify-app\src\components\ExpenseListItem.js">
          <metrics statements="2" coveredstatements="2" conditionals="0" coveredconditionals="0" methods="1" coveredmethods="1"/>
          <line num="4" count="3" type="stmt"/>
          <line num="5" count="1" type="stmt"/>
        </file>
      </package>
      <package name="reducers">
        <metrics statements="9" coveredstatements="9" conditionals="7" coveredconditionals="7" methods="3" coveredmethods="3"/>
        <file name="expenses.js" path="C:\Users\Doğukan OLGUN\Desktop\JavaScript\React\expensify-app\src\reducers\expenses.js">
          <metrics statements="9" coveredstatements="9" conditionals="7" coveredconditionals="7" methods="3" coveredmethods="3"/>
          <line num="1" count="1" type="stmt"/>
          <line num="5" count="6" type="cond" truecount="4" falsecount="0"/>
          <line num="7" count="1" type="stmt"/>
          <line num="13" count="6" type="stmt"/>
          <line num="15" count="2" type="stmt"/>
          <line num="16" count="6" type="cond" truecount="2" falsecount="0"/>
          <line num="17" count="1" type="stmt"/>
          <line num="22" count="5" type="stmt"/>
          <line num="26" count="1" type="stmt"/>
        </file>
      </package>
      <package name="selectors">
        <metrics statements="10" coveredstatements="10" conditionals="15" coveredconditionals="14" methods="3" coveredmethods="3"/>
        <file name="expenses.js" path="C:\Users\Doğukan OLGUN\Desktop\JavaScript\React\expensify-app\src\selectors\expenses.js">
          <metrics statements="10" coveredstatements="10" conditionals="15" coveredconditionals="14" methods="3" coveredmethods="3"/>
          <line num="5" count="5" type="stmt"/>
          <line num="6" count="15" type="stmt"/>
          <line num="7" count="15" type="cond" truecount="2" falsecount="0"/>
          <line num="8" count="15" type="cond" truecount="2" falsecount="0"/>
          <line num="9" count="15" type="stmt"/>
          <line num="11" count="15" type="cond" truecount="3" falsecount="0"/>
          <line num="13" count="11" type="cond" truecount="2" falsecount="0"/>
          <line num="14" count="7" type="cond" truecount="2" falsecount="0"/>
          <line num="15" count="4" type="cond" truecount="1" falsecount="1"/>
          <line num="16" count="4" type="cond" truecount="2" falsecount="0"/>
        </file>
      </package>
      <package name="tests">
        <metrics statements="1" coveredstatements="1" conditionals="0" coveredconditionals="0" methods="0" coveredmethods="0"/>
        <file name="setupTests.js" path="C:\Users\Doğukan OLGUN\Desktop\JavaScript\React\expensify-app\src\tests\setupTests.js">
          <metrics statements="1" coveredstatements="1" conditionals="0" coveredconditionals="0" methods="0" coveredmethods="0"/>
          <line num="4" count="9" type="stmt"/>
        </file>
      </package>
      <package name="tests.fixtures">
        <metrics statements="2" coveredstatements="2" conditionals="0" coveredconditionals="0" methods="0" coveredmethods="0"/>
        <file name="expenses.js" path="C:\Users\Doğukan OLGUN\Desktop\JavaScript\React\expensify-app\src\tests\fixtures\expenses.js">
          <metrics statements="0" coveredstatements="0" conditionals="0" coveredconditionals="0" methods="0" coveredmethods="0"/>
        </file>
        <file name="filters.js" path="C:\Users\Doğukan OLGUN\Desktop\JavaScript\React\expensify-app\src\tests\fixtures\filters.js">
          <metrics statements="2" coveredstatements="2" conditionals="0" coveredconditionals="0" methods="0" coveredmethods="0"/>
          <line num="3" count="1" type="stmt"/>
          <line num="10" count="1" type="stmt"/>
        </file>
      </package>
    </metrics>
  </project>
</coverage>
