<?xml version="1.0" encoding="UTF-8"?>
<coverage generated="1587447807259" clover="3.2.0">
  <project timestamp="1587447807260" name="All files">
    <metrics statements="42" coveredstatements="16" conditionals="22" coveredconditionals="2" methods="27" coveredmethods="4" elements="91" coveredelements="22" complexity="0" loc="42" ncloc="42" packages="5" files="8" classes="8">
      <package name="actions">
        <metrics statements="5" coveredstatements="5" conditionals="1" coveredconditionals="0" methods="5" coveredmethods="0"/>
        <file name="filters.js" path="C:\Users\Doğukan OLGUN\Desktop\MERN\expensify-app\src\actions\filters.js">
          <metrics statements="5" coveredstatements="5" conditionals="1" coveredconditionals="0" methods="5" coveredmethods="0"/>
          <line num="2" count="1" type="cond" truecount="0" falsecount="1"/>
          <line num="8" count="1" type="stmt"/>
          <line num="13" count="1" type="stmt"/>
          <line num="18" count="1" type="stmt"/>
          <line num="24" count="1" type="stmt"/>
        </file>
      </package>
      <package name="components">
        <metrics statements="26" coveredstatements="10" conditionals="6" coveredconditionals="2" methods="19" coveredmethods="4"/>
        <file name="ExpenseDashboardPage.js" path="C:\Users\Doğukan OLGUN\Desktop\MERN\expensify-app\src\components\ExpenseDashboardPage.js">
          <metrics statements="2" coveredstatements="2" conditionals="0" coveredconditionals="0" methods="1" coveredmethods="1"/>
          <line num="5" count="1" type="stmt"/>
          <line num="6" count="1" type="stmt"/>
        </file>
        <file name="ExpenseList.js" path="C:\Users\Doğukan OLGUN\Desktop\MERN\expensify-app\src\components\ExpenseList.js">
          <metrics statements="5" coveredstatements="4" conditionals="2" coveredconditionals="2" methods="3" coveredmethods="2"/>
          <line num="6" count="2" type="stmt"/>
          <line num="7" count="2" type="stmt"/>
          <line num="14" count="3" type="stmt"/>
          <line num="21" count="2" type="stmt"/>
          <line num="22" count="0" type="stmt"/>
        </file>
        <file name="ExpenseListFilters.js" path="C:\Users\Doğukan OLGUN\Desktop\MERN\expensify-app\src\components\ExpenseListFilters.js">
          <metrics statements="17" coveredstatements="2" conditionals="4" coveredconditionals="0" methods="14" coveredmethods="0"/>
          <line num="17" count="0" type="stmt"/>
          <line num="18" count="0" type="stmt"/>
          <line num="21" count="0" type="stmt"/>
          <line num="24" count="0" type="stmt"/>
          <line num="27" count="0" type="cond" truecount="0" falsecount="2"/>
          <line num="28" count="0" type="stmt"/>
          <line num="29" count="0" type="cond" truecount="0" falsecount="2"/>
          <line num="30" count="0" type="stmt"/>
          <line num="34" count="0" type="stmt"/>
          <line num="56" count="0" type="stmt"/>
          <line num="63" count="1" type="stmt"/>
          <line num="67" count="1" type="stmt"/>
          <line num="68" count="0" type="stmt"/>
          <line num="69" count="0" type="stmt"/>
          <line num="70" count="0" type="stmt"/>
          <line num="71" count="0" type="stmt"/>
          <line num="72" count="0" type="stmt"/>
        </file>
        <file name="ExpenseListItem.js" path="C:\Users\Doğukan OLGUN\Desktop\MERN\expensify-app\src\components\ExpenseListItem.js">
          <metrics statements="2" coveredstatements="2" conditionals="0" coveredconditionals="0" methods="1" coveredmethods="1"/>
          <line num="6" count="3" type="stmt"/>
          <line num="7" count="1" type="stmt"/>
        </file>
      </package>
      <package name="selectors">
        <metrics statements="10" coveredstatements="0" conditionals="15" coveredconditionals="0" methods="3" coveredmethods="0"/>
        <file name="expenses.js" path="C:\Users\Doğukan OLGUN\Desktop\MERN\expensify-app\src\selectors\expenses.js">
          <metrics statements="10" coveredstatements="0" conditionals="15" coveredconditionals="0" methods="3" coveredmethods="0"/>
          <line num="6" count="0" type="stmt"/>
          <line num="8" count="0" type="stmt"/>
          <line num="9" count="0" type="cond" truecount="0" falsecount="2"/>
          <line num="12" count="0" type="cond" truecount="0" falsecount="2"/>
          <line num="15" count="0" type="stmt"/>
          <line num="19" count="0" type="cond" truecount="0" falsecount="3"/>
          <line num="22" count="0" type="cond" truecount="0" falsecount="2"/>
          <line num="23" count="0" type="cond" truecount="0" falsecount="2"/>
          <line num="24" count="0" type="cond" truecount="0" falsecount="2"/>
          <line num="25" count="0" type="cond" truecount="0" falsecount="2"/>
        </file>
      </package>
      <package name="tests">
        <metrics statements="1" coveredstatements="1" conditionals="0" coveredconditionals="0" methods="0" coveredmethods="0"/>
        <file name="setupTests.js" path="C:\Users\Doğukan OLGUN\Desktop\MERN\expensify-app\src\tests\setupTests.js">
          <metrics statements="1" coveredstatements="1" conditionals="0" coveredconditionals="0" methods="0" coveredmethods="0"/>
          <line num="4" count="3" type="stmt"/>
        </file>
      </package>
      <package name="tests.fixtures">
        <metrics statements="0" coveredstatements="0" conditionals="0" coveredconditionals="0" methods="0" coveredmethods="0"/>
        <file name="expenses.js" path="C:\Users\Doğukan OLGUN\Desktop\MERN\expensify-app\src\tests\fixtures\expenses.js">
          <metrics statements="0" coveredstatements="0" conditionals="0" coveredconditionals="0" methods="0" coveredmethods="0"/>
        </file>
      </package>
    </metrics>
  </project>
</coverage>
