{"C:\\Users\\Doğukan OLGUN\\Desktop\\MERN\\expensify-app\\src\\actions\\filters.js": {"path":"C:\\Users\\Doğukan OLGUN\\Desktop\\MERN\\expensify-app\\src\\actions\\filters.js","statementMap":{"0":{"start":{"line":2,"column":29},"end":{"line":5,"column":2}},"1":{"start":{"line":2,"column":45},"end":{"line":5,"column":1}},"2":{"start":{"line":8,"column":26},"end":{"line":10,"column":2}},"3":{"start":{"line":8,"column":33},"end":{"line":10,"column":1}},"4":{"start":{"line":13,"column":28},"end":{"line":15,"column":2}},"5":{"start":{"line":13,"column":35},"end":{"line":15,"column":1}},"6":{"start":{"line":18,"column":28},"end":{"line":21,"column":2}},"7":{"start":{"line":18,"column":44},"end":{"line":21,"column":1}},"8":{"start":{"line":24,"column":26},"end":{"line":27,"column":2}},"9":{"start":{"line":24,"column":40},"end":{"line":27,"column":1}}},"fnMap":{"0":{"name":"(anonymous_0)","decl":{"start":{"line":2,"column":29},"end":{"line":2,"column":30}},"loc":{"start":{"line":2,"column":45},"end":{"line":5,"column":1}},"line":2},"1":{"name":"(anonymous_1)","decl":{"start":{"line":8,"column":26},"end":{"line":8,"column":27}},"loc":{"start":{"line":8,"column":33},"end":{"line":10,"column":1}},"line":8},"2":{"name":"(anonymous_2)","decl":{"start":{"line":13,"column":28},"end":{"line":13,"column":29}},"loc":{"start":{"line":13,"column":35},"end":{"line":15,"column":1}},"line":13},"3":{"name":"(anonymous_3)","decl":{"start":{"line":18,"column":28},"end":{"line":18,"column":29}},"loc":{"start":{"line":18,"column":44},"end":{"line":21,"column":1}},"line":18},"4":{"name":"(anonymous_4)","decl":{"start":{"line":24,"column":26},"end":{"line":24,"column":27}},"loc":{"start":{"line":24,"column":40},"end":{"line":27,"column":1}},"line":24}},"branchMap":{"0":{"loc":{"start":{"line":2,"column":30},"end":{"line":2,"column":39}},"type":"default-arg","locations":[{"start":{"line":2,"column":37},"end":{"line":2,"column":39}}],"line":2}},"s":{"0":1,"1":0,"2":1,"3":0,"4":1,"5":0,"6":1,"7":0,"8":1,"9":0},"f":{"0":0,"1":0,"2":0,"3":0,"4":0},"b":{"0":[0]},"_coverageSchema":"332fd63041d2c1bcb487cc26dd0d5f7d97098a6c","hash":"8d2d64b5878b69a8f7455b1846ff0ed2f94ffda0"}
,"C:\\Users\\Doğukan OLGUN\\Desktop\\MERN\\expensify-app\\src\\components\\ExpenseDashboardPage.js": {"path":"C:\\Users\\Doğukan OLGUN\\Desktop\\MERN\\expensify-app\\src\\components\\ExpenseDashboardPage.js","statementMap":{"0":{"start":{"line":5,"column":29},"end":{"line":10,"column":1}},"1":{"start":{"line":6,"column":1},"end":{"line":9,"column":7}}},"fnMap":{"0":{"name":"(anonymous_0)","decl":{"start":{"line":5,"column":29},"end":{"line":5,"column":30}},"loc":{"start":{"line":6,"column":1},"end":{"line":9,"column":7}},"line":6}},"branchMap":{},"s":{"0":1,"1":1},"f":{"0":1},"b":{},"_coverageSchema":"332fd63041d2c1bcb487cc26dd0d5f7d97098a6c","hash":"50a49a143f0c65ff1ad088cf6c22decea945b17b"}
,"C:\\Users\\Doğukan OLGUN\\Desktop\\MERN\\expensify-app\\src\\components\\ExpenseList.js": {"path":"C:\\Users\\Doğukan OLGUN\\Desktop\\MERN\\expensify-app\\src\\components\\ExpenseList.js","statementMap":{"0":{"start":{"line":6,"column":27},"end":{"line":19,"column":1}},"1":{"start":{"line":7,"column":4},"end":{"line":18,"column":10}},"2":{"start":{"line":14,"column":19},"end":{"line":14,"column":74}},"3":{"start":{"line":21,"column":24},"end":{"line":25,"column":1}},"4":{"start":{"line":22,"column":1},"end":{"line":24,"column":3}}},"fnMap":{"0":{"name":"(anonymous_0)","decl":{"start":{"line":6,"column":27},"end":{"line":6,"column":28}},"loc":{"start":{"line":7,"column":4},"end":{"line":18,"column":10}},"line":7},"1":{"name":"(anonymous_1)","decl":{"start":{"line":13,"column":35},"end":{"line":13,"column":36}},"loc":{"start":{"line":13,"column":48},"end":{"line":15,"column":17}},"line":13},"2":{"name":"(anonymous_2)","decl":{"start":{"line":21,"column":24},"end":{"line":21,"column":25}},"loc":{"start":{"line":21,"column":35},"end":{"line":25,"column":1}},"line":21}},"branchMap":{"0":{"loc":{"start":{"line":10,"column":12},"end":{"line":16,"column":13}},"type":"cond-expr","locations":[{"start":{"line":11,"column":16},"end":{"line":11,"column":34}},{"start":{"line":13,"column":16},"end":{"line":15,"column":18}}],"line":10}},"s":{"0":2,"1":2,"2":3,"3":2,"4":0},"f":{"0":2,"1":3,"2":0},"b":{"0":[1,1]},"_coverageSchema":"332fd63041d2c1bcb487cc26dd0d5f7d97098a6c","hash":"b1162ded868bb4cfb6384465277337a077fb8f77"}
,"C:\\Users\\Doğukan OLGUN\\Desktop\\MERN\\expensify-app\\src\\components\\ExpenseListFilters.js": {"path":"C:\\Users\\Doğukan OLGUN\\Desktop\\MERN\\expensify-app\\src\\components\\ExpenseListFilters.js","statementMap":{"0":{"start":{"line":17,"column":8},"end":{"line":17,"column":43}},"1":{"start":{"line":18,"column":8},"end":{"line":18,"column":39}},"2":{"start":{"line":21,"column":8},"end":{"line":21,"column":51}},"3":{"start":{"line":21,"column":29},"end":{"line":21,"column":48}},"4":{"start":{"line":24,"column":8},"end":{"line":24,"column":49}},"5":{"start":{"line":27,"column":8},"end":{"line":31,"column":9}},"6":{"start":{"line":28,"column":12},"end":{"line":28,"column":36}},"7":{"start":{"line":29,"column":15},"end":{"line":31,"column":9}},"8":{"start":{"line":30,"column":12},"end":{"line":30,"column":38}},"9":{"start":{"line":34,"column":8},"end":{"line":59,"column":10}},"10":{"start":{"line":56,"column":42},"end":{"line":56,"column":47}},"11":{"start":{"line":63,"column":24},"end":{"line":65,"column":2}},"12":{"start":{"line":63,"column":36},"end":{"line":65,"column":1}},"13":{"start":{"line":67,"column":27},"end":{"line":73,"column":2}},"14":{"start":{"line":67,"column":42},"end":{"line":73,"column":1}},"15":{"start":{"line":68,"column":29},"end":{"line":68,"column":58}},"16":{"start":{"line":69,"column":22},"end":{"line":69,"column":44}},"17":{"start":{"line":70,"column":24},"end":{"line":70,"column":48}},"18":{"start":{"line":71,"column":33},"end":{"line":71,"column":66}},"19":{"start":{"line":72,"column":29},"end":{"line":72,"column":58}}},"fnMap":{"0":{"name":"(anonymous_0)","decl":{"start":{"line":16,"column":20},"end":{"line":16,"column":21}},"loc":{"start":{"line":16,"column":48},"end":{"line":19,"column":5}},"line":16},"1":{"name":"(anonymous_1)","decl":{"start":{"line":20,"column":20},"end":{"line":20,"column":21}},"loc":{"start":{"line":20,"column":41},"end":{"line":22,"column":5}},"line":20},"2":{"name":"(anonymous_2)","decl":{"start":{"line":21,"column":22},"end":{"line":21,"column":23}},"loc":{"start":{"line":21,"column":29},"end":{"line":21,"column":48}},"line":21},"3":{"name":"(anonymous_3)","decl":{"start":{"line":23,"column":19},"end":{"line":23,"column":20}},"loc":{"start":{"line":23,"column":26},"end":{"line":25,"column":5}},"line":23},"4":{"name":"(anonymous_4)","decl":{"start":{"line":26,"column":19},"end":{"line":26,"column":20}},"loc":{"start":{"line":26,"column":26},"end":{"line":32,"column":5}},"line":26},"5":{"name":"(anonymous_5)","decl":{"start":{"line":33,"column":4},"end":{"line":33,"column":5}},"loc":{"start":{"line":33,"column":13},"end":{"line":60,"column":5}},"line":33},"6":{"name":"(anonymous_6)","decl":{"start":{"line":56,"column":36},"end":{"line":56,"column":37}},"loc":{"start":{"line":56,"column":42},"end":{"line":56,"column":47}},"line":56},"7":{"name":"(anonymous_7)","decl":{"start":{"line":63,"column":24},"end":{"line":63,"column":25}},"loc":{"start":{"line":63,"column":36},"end":{"line":65,"column":1}},"line":63},"8":{"name":"(anonymous_8)","decl":{"start":{"line":67,"column":27},"end":{"line":67,"column":28}},"loc":{"start":{"line":67,"column":42},"end":{"line":73,"column":1}},"line":67},"9":{"name":"(anonymous_9)","decl":{"start":{"line":68,"column":19},"end":{"line":68,"column":20}},"loc":{"start":{"line":68,"column":29},"end":{"line":68,"column":58}},"line":68},"10":{"name":"(anonymous_10)","decl":{"start":{"line":69,"column":16},"end":{"line":69,"column":17}},"loc":{"start":{"line":69,"column":22},"end":{"line":69,"column":44}},"line":69},"11":{"name":"(anonymous_11)","decl":{"start":{"line":70,"column":18},"end":{"line":70,"column":19}},"loc":{"start":{"line":70,"column":24},"end":{"line":70,"column":48}},"line":70},"12":{"name":"(anonymous_12)","decl":{"start":{"line":71,"column":18},"end":{"line":71,"column":19}},"loc":{"start":{"line":71,"column":33},"end":{"line":71,"column":66}},"line":71},"13":{"name":"(anonymous_13)","decl":{"start":{"line":72,"column":16},"end":{"line":72,"column":17}},"loc":{"start":{"line":72,"column":29},"end":{"line":72,"column":58}},"line":72}},"branchMap":{"0":{"loc":{"start":{"line":27,"column":8},"end":{"line":31,"column":9}},"type":"if","locations":[{"start":{"line":27,"column":8},"end":{"line":31,"column":9}},{"start":{"line":27,"column":8},"end":{"line":31,"column":9}}],"line":27},"1":{"loc":{"start":{"line":29,"column":15},"end":{"line":31,"column":9}},"type":"if","locations":[{"start":{"line":29,"column":15},"end":{"line":31,"column":9}},{"start":{"line":29,"column":15},"end":{"line":31,"column":9}}],"line":29}},"s":{"0":0,"1":0,"2":0,"3":0,"4":0,"5":0,"6":0,"7":0,"8":0,"9":0,"10":0,"11":1,"12":0,"13":1,"14":0,"15":0,"16":0,"17":0,"18":0,"19":0},"f":{"0":0,"1":0,"2":0,"3":0,"4":0,"5":0,"6":0,"7":0,"8":0,"9":0,"10":0,"11":0,"12":0,"13":0},"b":{"0":[0,0],"1":[0,0]},"_coverageSchema":"332fd63041d2c1bcb487cc26dd0d5f7d97098a6c","hash":"6d9c39b09807713a645887312fc32de31797b2b7"}
,"C:\\Users\\Doğukan OLGUN\\Desktop\\MERN\\expensify-app\\src\\components\\ExpenseListItem.js": {"path":"C:\\Users\\Doğukan OLGUN\\Desktop\\MERN\\expensify-app\\src\\components\\ExpenseListItem.js","statementMap":{"0":{"start":{"line":6,"column":24},"end":{"line":16,"column":1}},"1":{"start":{"line":7,"column":2},"end":{"line":15,"column":8}}},"fnMap":{"0":{"name":"(anonymous_0)","decl":{"start":{"line":6,"column":24},"end":{"line":6,"column":25}},"loc":{"start":{"line":7,"column":2},"end":{"line":15,"column":8}},"line":7}},"branchMap":{},"s":{"0":3,"1":1},"f":{"0":1},"b":{},"_coverageSchema":"332fd63041d2c1bcb487cc26dd0d5f7d97098a6c","hash":"702bc954c8d68fe50708322c835eb66e25cba1ea"}
,"C:\\Users\\Doğukan OLGUN\\Desktop\\MERN\\expensify-app\\src\\selectors\\expenses.js": {"path":"C:\\Users\\Doğukan OLGUN\\Desktop\\MERN\\expensify-app\\src\\selectors\\expenses.js","statementMap":{"0":{"start":{"line":6,"column":2},"end":{"line":27,"column":7}},"1":{"start":{"line":8,"column":30},"end":{"line":8,"column":55}},"2":{"start":{"line":9,"column":29},"end":{"line":11,"column":14}},"3":{"start":{"line":12,"column":27},"end":{"line":14,"column":14}},"4":{"start":{"line":15,"column":24},"end":{"line":17,"column":37}},"5":{"start":{"line":19,"column":6},"end":{"line":19,"column":57}},"6":{"start":{"line":22,"column":6},"end":{"line":26,"column":7}},"7":{"start":{"line":23,"column":8},"end":{"line":23,"column":50}},"8":{"start":{"line":24,"column":13},"end":{"line":26,"column":7}},"9":{"start":{"line":25,"column":8},"end":{"line":25,"column":44}}},"fnMap":{"0":{"name":"(anonymous_0)","decl":{"start":{"line":5,"column":15},"end":{"line":5,"column":16}},"loc":{"start":{"line":5,"column":67},"end":{"line":28,"column":1}},"line":5},"1":{"name":"(anonymous_1)","decl":{"start":{"line":7,"column":12},"end":{"line":7,"column":13}},"loc":{"start":{"line":7,"column":25},"end":{"line":20,"column":5}},"line":7},"2":{"name":"(anonymous_2)","decl":{"start":{"line":21,"column":10},"end":{"line":21,"column":11}},"loc":{"start":{"line":21,"column":20},"end":{"line":27,"column":5}},"line":21}},"branchMap":{"0":{"loc":{"start":{"line":9,"column":29},"end":{"line":11,"column":14}},"type":"cond-expr","locations":[{"start":{"line":10,"column":10},"end":{"line":10,"column":58}},{"start":{"line":11,"column":10},"end":{"line":11,"column":14}}],"line":9},"1":{"loc":{"start":{"line":12,"column":27},"end":{"line":14,"column":14}},"type":"cond-expr","locations":[{"start":{"line":13,"column":10},"end":{"line":13,"column":55}},{"start":{"line":14,"column":10},"end":{"line":14,"column":14}}],"line":12},"2":{"loc":{"start":{"line":19,"column":13},"end":{"line":19,"column":56}},"type":"binary-expr","locations":[{"start":{"line":19,"column":13},"end":{"line":19,"column":27}},{"start":{"line":19,"column":31},"end":{"line":19,"column":43}},{"start":{"line":19,"column":47},"end":{"line":19,"column":56}}],"line":19},"3":{"loc":{"start":{"line":22,"column":6},"end":{"line":26,"column":7}},"type":"if","locations":[{"start":{"line":22,"column":6},"end":{"line":26,"column":7}},{"start":{"line":22,"column":6},"end":{"line":26,"column":7}}],"line":22},"4":{"loc":{"start":{"line":23,"column":15},"end":{"line":23,"column":49}},"type":"cond-expr","locations":[{"start":{"line":23,"column":43},"end":{"line":23,"column":44}},{"start":{"line":23,"column":47},"end":{"line":23,"column":49}}],"line":23},"5":{"loc":{"start":{"line":24,"column":13},"end":{"line":26,"column":7}},"type":"if","locations":[{"start":{"line":24,"column":13},"end":{"line":26,"column":7}},{"start":{"line":24,"column":13},"end":{"line":26,"column":7}}],"line":24},"6":{"loc":{"start":{"line":25,"column":15},"end":{"line":25,"column":43}},"type":"cond-expr","locations":[{"start":{"line":25,"column":37},"end":{"line":25,"column":38}},{"start":{"line":25,"column":41},"end":{"line":25,"column":43}}],"line":25}},"s":{"0":0,"1":0,"2":0,"3":0,"4":0,"5":0,"6":0,"7":0,"8":0,"9":0},"f":{"0":0,"1":0,"2":0},"b":{"0":[0,0],"1":[0,0],"2":[0,0,0],"3":[0,0],"4":[0,0],"5":[0,0],"6":[0,0]},"_coverageSchema":"332fd63041d2c1bcb487cc26dd0d5f7d97098a6c","hash":"9f858c886785603389f7c004a891f711c4e9ee87"}
,"C:\\Users\\Doğukan OLGUN\\Desktop\\MERN\\expensify-app\\src\\tests\\setupTests.js": {"path":"C:\\Users\\Doğukan OLGUN\\Desktop\\MERN\\expensify-app\\src\\tests\\setupTests.js","statementMap":{"0":{"start":{"line":4,"column":0},"end":{"line":4,"column":38}}},"fnMap":{},"branchMap":{},"s":{"0":3},"f":{},"b":{},"_coverageSchema":"332fd63041d2c1bcb487cc26dd0d5f7d97098a6c","hash":"f084d480bb0692b1812ccd1803c0e6cdaf866de1"}
,"C:\\Users\\Doğukan OLGUN\\Desktop\\MERN\\expensify-app\\src\\tests\\fixtures\\expenses.js": {"path":"C:\\Users\\Doğukan OLGUN\\Desktop\\MERN\\expensify-app\\src\\tests\\fixtures\\expenses.js","statementMap":{},"fnMap":{},"branchMap":{},"s":{},"f":{},"b":{},"_coverageSchema":"332fd63041d2c1bcb487cc26dd0d5f7d97098a6c","hash":"cac47fa6a63cc07b7be5d742a66fefd55cd4d84d"}
}
