{"C:\\Users\\Doğukan OLGUN\\Desktop\\JavaScript\\React\\expensify-app\\src\\actions\\expenses.js": {"path":"C:\\Users\\Doğukan OLGUN\\Desktop\\JavaScript\\React\\expensify-app\\src\\actions\\expenses.js","statementMap":{"0":{"start":{"line":4,"column":26},"end":{"line":20,"column":2}},"1":{"start":{"line":11,"column":6},"end":{"line":20,"column":1}},"2":{"start":{"line":23,"column":29},"end":{"line":26,"column":2}},"3":{"start":{"line":23,"column":47},"end":{"line":26,"column":1}},"4":{"start":{"line":29,"column":27},"end":{"line":33,"column":2}},"5":{"start":{"line":29,"column":45},"end":{"line":33,"column":1}}},"fnMap":{"0":{"name":"(anonymous_0)","decl":{"start":{"line":4,"column":26},"end":{"line":4,"column":27}},"loc":{"start":{"line":11,"column":6},"end":{"line":20,"column":1}},"line":11},"1":{"name":"(anonymous_1)","decl":{"start":{"line":23,"column":29},"end":{"line":23,"column":30}},"loc":{"start":{"line":23,"column":47},"end":{"line":26,"column":1}},"line":23},"2":{"name":"(anonymous_2)","decl":{"start":{"line":29,"column":27},"end":{"line":29,"column":28}},"loc":{"start":{"line":29,"column":45},"end":{"line":33,"column":1}},"line":29}},"branchMap":{"0":{"loc":{"start":{"line":5,"column":2},"end":{"line":10,"column":8}},"type":"default-arg","locations":[{"start":{"line":10,"column":6},"end":{"line":10,"column":8}}],"line":5},"1":{"loc":{"start":{"line":6,"column":4},"end":{"line":6,"column":20}},"type":"default-arg","locations":[{"start":{"line":6,"column":18},"end":{"line":6,"column":20}}],"line":6},"2":{"loc":{"start":{"line":7,"column":4},"end":{"line":7,"column":13}},"type":"default-arg","locations":[{"start":{"line":7,"column":11},"end":{"line":7,"column":13}}],"line":7},"3":{"loc":{"start":{"line":8,"column":4},"end":{"line":8,"column":14}},"type":"default-arg","locations":[{"start":{"line":8,"column":13},"end":{"line":8,"column":14}}],"line":8},"4":{"loc":{"start":{"line":9,"column":4},"end":{"line":9,"column":17}},"type":"default-arg","locations":[{"start":{"line":9,"column":16},"end":{"line":9,"column":17}}],"line":9},"5":{"loc":{"start":{"line":23,"column":30},"end":{"line":23,"column":41}},"type":"default-arg","locations":[{"start":{"line":23,"column":39},"end":{"line":23,"column":41}}],"line":23}},"s":{"0":2,"1":0,"2":2,"3":0,"4":2,"5":0},"f":{"0":0,"1":0,"2":0},"b":{"0":[0],"1":[0],"2":[0],"3":[0],"4":[0],"5":[0]},"_coverageSchema":"332fd63041d2c1bcb487cc26dd0d5f7d97098a6c","hash":"e6d7cab50e477047b5ee7c709e008e19ad2500eb"}
,"C:\\Users\\Doğukan OLGUN\\Desktop\\JavaScript\\React\\expensify-app\\src\\actions\\filters.js": {"path":"C:\\Users\\Doğukan OLGUN\\Desktop\\JavaScript\\React\\expensify-app\\src\\actions\\filters.js","statementMap":{"0":{"start":{"line":2,"column":29},"end":{"line":5,"column":4}},"1":{"start":{"line":2,"column":45},"end":{"line":5,"column":3}},"2":{"start":{"line":8,"column":28},"end":{"line":10,"column":4}},"3":{"start":{"line":8,"column":35},"end":{"line":10,"column":3}},"4":{"start":{"line":13,"column":30},"end":{"line":15,"column":4}},"5":{"start":{"line":13,"column":37},"end":{"line":15,"column":3}},"6":{"start":{"line":18,"column":30},"end":{"line":21,"column":4}},"7":{"start":{"line":18,"column":46},"end":{"line":21,"column":3}},"8":{"start":{"line":24,"column":28},"end":{"line":27,"column":4}},"9":{"start":{"line":24,"column":42},"end":{"line":27,"column":3}}},"fnMap":{"0":{"name":"(anonymous_0)","decl":{"start":{"line":2,"column":29},"end":{"line":2,"column":30}},"loc":{"start":{"line":2,"column":45},"end":{"line":5,"column":3}},"line":2},"1":{"name":"(anonymous_1)","decl":{"start":{"line":8,"column":28},"end":{"line":8,"column":29}},"loc":{"start":{"line":8,"column":35},"end":{"line":10,"column":3}},"line":8},"2":{"name":"(anonymous_2)","decl":{"start":{"line":13,"column":30},"end":{"line":13,"column":31}},"loc":{"start":{"line":13,"column":37},"end":{"line":15,"column":3}},"line":13},"3":{"name":"(anonymous_3)","decl":{"start":{"line":18,"column":30},"end":{"line":18,"column":31}},"loc":{"start":{"line":18,"column":46},"end":{"line":21,"column":3}},"line":18},"4":{"name":"(anonymous_4)","decl":{"start":{"line":24,"column":28},"end":{"line":24,"column":29}},"loc":{"start":{"line":24,"column":42},"end":{"line":27,"column":3}},"line":24}},"branchMap":{"0":{"loc":{"start":{"line":2,"column":30},"end":{"line":2,"column":39}},"type":"default-arg","locations":[{"start":{"line":2,"column":37},"end":{"line":2,"column":39}}],"line":2}},"s":{"0":2,"1":0,"2":2,"3":0,"4":2,"5":0,"6":2,"7":0,"8":2,"9":0},"f":{"0":0,"1":0,"2":0,"3":0,"4":0},"b":{"0":[0]},"_coverageSchema":"332fd63041d2c1bcb487cc26dd0d5f7d97098a6c","hash":"051ef307887d276e6ca691891d83efcfed0a3363"}
,"C:\\Users\\Doğukan OLGUN\\Desktop\\JavaScript\\React\\expensify-app\\src\\components\\AddExpensePage.js": {"path":"C:\\Users\\Doğukan OLGUN\\Desktop\\JavaScript\\React\\expensify-app\\src\\components\\AddExpensePage.js","statementMap":{"0":{"start":{"line":8,"column":8},"end":{"line":8,"column":39}},"1":{"start":{"line":9,"column":8},"end":{"line":9,"column":37}},"2":{"start":{"line":12,"column":8},"end":{"line":17,"column":10}},"3":{"start":{"line":21,"column":27},"end":{"line":23,"column":2}},"4":{"start":{"line":21,"column":42},"end":{"line":23,"column":1}},"5":{"start":{"line":22,"column":29},"end":{"line":22,"column":58}}},"fnMap":{"0":{"name":"(anonymous_0)","decl":{"start":{"line":7,"column":15},"end":{"line":7,"column":16}},"loc":{"start":{"line":7,"column":28},"end":{"line":10,"column":5}},"line":7},"1":{"name":"(anonymous_1)","decl":{"start":{"line":11,"column":4},"end":{"line":11,"column":5}},"loc":{"start":{"line":11,"column":13},"end":{"line":18,"column":5}},"line":11},"2":{"name":"(anonymous_2)","decl":{"start":{"line":21,"column":27},"end":{"line":21,"column":28}},"loc":{"start":{"line":21,"column":42},"end":{"line":23,"column":1}},"line":21},"3":{"name":"(anonymous_3)","decl":{"start":{"line":22,"column":16},"end":{"line":22,"column":17}},"loc":{"start":{"line":22,"column":29},"end":{"line":22,"column":58}},"line":22}},"branchMap":{},"s":{"0":1,"1":1,"2":2,"3":1,"4":0,"5":0},"f":{"0":1,"1":2,"2":0,"3":0},"b":{},"_coverageSchema":"332fd63041d2c1bcb487cc26dd0d5f7d97098a6c","hash":"cca939cb9ab5e535550db0b87ff01bf044e6ac76"}
,"C:\\Users\\Doğukan OLGUN\\Desktop\\JavaScript\\React\\expensify-app\\src\\components\\EditExpensePage.js": {"path":"C:\\Users\\Doğukan OLGUN\\Desktop\\JavaScript\\React\\expensify-app\\src\\components\\EditExpensePage.js","statementMap":{"0":{"start":{"line":8,"column":8},"end":{"line":8,"column":63}},"1":{"start":{"line":9,"column":8},"end":{"line":9,"column":37}},"2":{"start":{"line":12,"column":8},"end":{"line":12,"column":64}},"3":{"start":{"line":13,"column":8},"end":{"line":13,"column":37}},"4":{"start":{"line":16,"column":8},"end":{"line":24,"column":10}},"5":{"start":{"line":28,"column":24},"end":{"line":32,"column":2}},"6":{"start":{"line":28,"column":43},"end":{"line":32,"column":1}},"7":{"start":{"line":30,"column":21},"end":{"line":30,"column":57}},"8":{"start":{"line":34,"column":27},"end":{"line":37,"column":2}},"9":{"start":{"line":34,"column":49},"end":{"line":37,"column":1}},"10":{"start":{"line":35,"column":34},"end":{"line":35,"column":68}},"11":{"start":{"line":36,"column":29},"end":{"line":36,"column":58}}},"fnMap":{"0":{"name":"(anonymous_0)","decl":{"start":{"line":7,"column":15},"end":{"line":7,"column":16}},"loc":{"start":{"line":7,"column":28},"end":{"line":10,"column":5}},"line":7},"1":{"name":"(anonymous_1)","decl":{"start":{"line":11,"column":15},"end":{"line":11,"column":16}},"loc":{"start":{"line":11,"column":21},"end":{"line":14,"column":5}},"line":11},"2":{"name":"(anonymous_2)","decl":{"start":{"line":15,"column":4},"end":{"line":15,"column":5}},"loc":{"start":{"line":15,"column":13},"end":{"line":25,"column":5}},"line":15},"3":{"name":"(anonymous_3)","decl":{"start":{"line":28,"column":24},"end":{"line":28,"column":25}},"loc":{"start":{"line":28,"column":43},"end":{"line":32,"column":1}},"line":28},"4":{"name":"(anonymous_4)","decl":{"start":{"line":30,"column":8},"end":{"line":30,"column":9}},"loc":{"start":{"line":30,"column":21},"end":{"line":30,"column":57}},"line":30},"5":{"name":"(anonymous_5)","decl":{"start":{"line":34,"column":27},"end":{"line":34,"column":28}},"loc":{"start":{"line":34,"column":49},"end":{"line":37,"column":1}},"line":34},"6":{"name":"(anonymous_6)","decl":{"start":{"line":35,"column":17},"end":{"line":35,"column":18}},"loc":{"start":{"line":35,"column":34},"end":{"line":35,"column":68}},"line":35},"7":{"name":"(anonymous_7)","decl":{"start":{"line":36,"column":19},"end":{"line":36,"column":20}},"loc":{"start":{"line":36,"column":29},"end":{"line":36,"column":58}},"line":36}},"branchMap":{},"s":{"0":1,"1":1,"2":1,"3":1,"4":3,"5":1,"6":0,"7":0,"8":1,"9":0,"10":0,"11":0},"f":{"0":1,"1":1,"2":3,"3":0,"4":0,"5":0,"6":0,"7":0},"b":{},"_coverageSchema":"332fd63041d2c1bcb487cc26dd0d5f7d97098a6c","hash":"ad66f1fb1533d2a01f2417b0f6daf9cd4774095d"}
,"C:\\Users\\Doğukan OLGUN\\Desktop\\JavaScript\\React\\expensify-app\\src\\components\\ExpenseDashboardPage.js": {"path":"C:\\Users\\Doğukan OLGUN\\Desktop\\JavaScript\\React\\expensify-app\\src\\components\\ExpenseDashboardPage.js","statementMap":{"0":{"start":{"line":5,"column":29},"end":{"line":10,"column":1}},"1":{"start":{"line":6,"column":1},"end":{"line":9,"column":7}}},"fnMap":{"0":{"name":"(anonymous_0)","decl":{"start":{"line":5,"column":29},"end":{"line":5,"column":30}},"loc":{"start":{"line":6,"column":1},"end":{"line":9,"column":7}},"line":6}},"branchMap":{},"s":{"0":1,"1":1},"f":{"0":1},"b":{},"_coverageSchema":"332fd63041d2c1bcb487cc26dd0d5f7d97098a6c","hash":"c8690b3749bbd0ed9d8b908dca74962a378ea7bd"}
,"C:\\Users\\Doğukan OLGUN\\Desktop\\JavaScript\\React\\expensify-app\\src\\components\\ExpenseForm.js": {"path":"C:\\Users\\Doğukan OLGUN\\Desktop\\JavaScript\\React\\expensify-app\\src\\components\\ExpenseForm.js","statementMap":{"0":{"start":{"line":12,"column":8},"end":{"line":12,"column":21}},"1":{"start":{"line":14,"column":8},"end":{"line":21,"column":10}},"2":{"start":{"line":24,"column":28},"end":{"line":24,"column":42}},"3":{"start":{"line":25,"column":8},"end":{"line":25,"column":47}},"4":{"start":{"line":25,"column":29},"end":{"line":25,"column":44}},"5":{"start":{"line":28,"column":21},"end":{"line":28,"column":35}},"6":{"start":{"line":29,"column":8},"end":{"line":29,"column":40}},"7":{"start":{"line":29,"column":29},"end":{"line":29,"column":37}},"8":{"start":{"line":32,"column":23},"end":{"line":32,"column":37}},"9":{"start":{"line":33,"column":8},"end":{"line":35,"column":9}},"10":{"start":{"line":34,"column":12},"end":{"line":34,"column":45}},"11":{"start":{"line":34,"column":33},"end":{"line":34,"column":43}},"12":{"start":{"line":38,"column":8},"end":{"line":40,"column":9}},"13":{"start":{"line":39,"column":12},"end":{"line":39,"column":49}},"14":{"start":{"line":39,"column":33},"end":{"line":39,"column":46}},"15":{"start":{"line":43,"column":8},"end":{"line":43,"column":60}},"16":{"start":{"line":43,"column":29},"end":{"line":43,"column":57}},"17":{"start":{"line":46,"column":8},"end":{"line":46,"column":27}},"18":{"start":{"line":48,"column":8},"end":{"line":59,"column":9}},"19":{"start":{"line":50,"column":12},"end":{"line":50,"column":86}},"20":{"start":{"line":50,"column":33},"end":{"line":50,"column":83}},"21":{"start":{"line":52,"column":12},"end":{"line":52,"column":49}},"22":{"start":{"line":52,"column":33},"end":{"line":52,"column":46}},"23":{"start":{"line":53,"column":12},"end":{"line":58,"column":15}},"24":{"start":{"line":62,"column":8},"end":{"line":97,"column":9}},"25":{"start":{"line":85,"column":46},"end":{"line":85,"column":51}}},"fnMap":{"0":{"name":"(anonymous_0)","decl":{"start":{"line":11,"column":4},"end":{"line":11,"column":5}},"loc":{"start":{"line":11,"column":23},"end":{"line":22,"column":5}},"line":11},"1":{"name":"(anonymous_1)","decl":{"start":{"line":23,"column":26},"end":{"line":23,"column":27}},"loc":{"start":{"line":23,"column":33},"end":{"line":26,"column":5}},"line":23},"2":{"name":"(anonymous_2)","decl":{"start":{"line":25,"column":22},"end":{"line":25,"column":23}},"loc":{"start":{"line":25,"column":29},"end":{"line":25,"column":44}},"line":25},"3":{"name":"(anonymous_3)","decl":{"start":{"line":27,"column":19},"end":{"line":27,"column":20}},"loc":{"start":{"line":27,"column":26},"end":{"line":30,"column":5}},"line":27},"4":{"name":"(anonymous_4)","decl":{"start":{"line":29,"column":22},"end":{"line":29,"column":23}},"loc":{"start":{"line":29,"column":29},"end":{"line":29,"column":37}},"line":29},"5":{"name":"(anonymous_5)","decl":{"start":{"line":31,"column":20},"end":{"line":31,"column":21}},"loc":{"start":{"line":31,"column":27},"end":{"line":36,"column":5}},"line":31},"6":{"name":"(anonymous_6)","decl":{"start":{"line":34,"column":26},"end":{"line":34,"column":27}},"loc":{"start":{"line":34,"column":33},"end":{"line":34,"column":43}},"line":34},"7":{"name":"(anonymous_7)","decl":{"start":{"line":37,"column":19},"end":{"line":37,"column":20}},"loc":{"start":{"line":37,"column":34},"end":{"line":41,"column":5}},"line":37},"8":{"name":"(anonymous_8)","decl":{"start":{"line":39,"column":26},"end":{"line":39,"column":27}},"loc":{"start":{"line":39,"column":33},"end":{"line":39,"column":46}},"line":39},"9":{"name":"(anonymous_9)","decl":{"start":{"line":42,"column":20},"end":{"line":42,"column":21}},"loc":{"start":{"line":42,"column":37},"end":{"line":44,"column":5}},"line":42},"10":{"name":"(anonymous_10)","decl":{"start":{"line":43,"column":22},"end":{"line":43,"column":23}},"loc":{"start":{"line":43,"column":29},"end":{"line":43,"column":57}},"line":43},"11":{"name":"(anonymous_11)","decl":{"start":{"line":45,"column":15},"end":{"line":45,"column":16}},"loc":{"start":{"line":45,"column":22},"end":{"line":60,"column":5}},"line":45},"12":{"name":"(anonymous_12)","decl":{"start":{"line":50,"column":26},"end":{"line":50,"column":27}},"loc":{"start":{"line":50,"column":33},"end":{"line":50,"column":83}},"line":50},"13":{"name":"(anonymous_13)","decl":{"start":{"line":52,"column":26},"end":{"line":52,"column":27}},"loc":{"start":{"line":52,"column":33},"end":{"line":52,"column":46}},"line":52},"14":{"name":"(anonymous_14)","decl":{"start":{"line":61,"column":4},"end":{"line":61,"column":5}},"loc":{"start":{"line":61,"column":14},"end":{"line":98,"column":5}},"line":61},"15":{"name":"(anonymous_15)","decl":{"start":{"line":85,"column":40},"end":{"line":85,"column":41}},"loc":{"start":{"line":85,"column":46},"end":{"line":85,"column":51}},"line":85}},"branchMap":{"0":{"loc":{"start":{"line":15,"column":25},"end":{"line":15,"column":71}},"type":"cond-expr","locations":[{"start":{"line":15,"column":41},"end":{"line":15,"column":66}},{"start":{"line":15,"column":69},"end":{"line":15,"column":71}}],"line":15},"1":{"loc":{"start":{"line":16,"column":18},"end":{"line":16,"column":57}},"type":"cond-expr","locations":[{"start":{"line":16,"column":34},"end":{"line":16,"column":52}},{"start":{"line":16,"column":55},"end":{"line":16,"column":57}}],"line":16},"2":{"loc":{"start":{"line":17,"column":20},"end":{"line":17,"column":80}},"type":"cond-expr","locations":[{"start":{"line":17,"column":36},"end":{"line":17,"column":75}},{"start":{"line":17,"column":78},"end":{"line":17,"column":80}}],"line":17},"3":{"loc":{"start":{"line":18,"column":23},"end":{"line":18,"column":81}},"type":"cond-expr","locations":[{"start":{"line":18,"column":39},"end":{"line":18,"column":70}},{"start":{"line":18,"column":73},"end":{"line":18,"column":81}}],"line":18},"4":{"loc":{"start":{"line":33,"column":8},"end":{"line":35,"column":9}},"type":"if","locations":[{"start":{"line":33,"column":8},"end":{"line":35,"column":9}},{"start":{"line":33,"column":8},"end":{"line":35,"column":9}}],"line":33},"5":{"loc":{"start":{"line":33,"column":12},"end":{"line":33,"column":59}},"type":"binary-expr","locations":[{"start":{"line":33,"column":12},"end":{"line":33,"column":19}},{"start":{"line":33,"column":23},"end":{"line":33,"column":59}}],"line":33},"6":{"loc":{"start":{"line":38,"column":8},"end":{"line":40,"column":9}},"type":"if","locations":[{"start":{"line":38,"column":8},"end":{"line":40,"column":9}},{"start":{"line":38,"column":8},"end":{"line":40,"column":9}}],"line":38},"7":{"loc":{"start":{"line":48,"column":8},"end":{"line":59,"column":9}},"type":"if","locations":[{"start":{"line":48,"column":8},"end":{"line":59,"column":9}},{"start":{"line":48,"column":8},"end":{"line":59,"column":9}}],"line":48},"8":{"loc":{"start":{"line":48,"column":12},"end":{"line":48,"column":57}},"type":"binary-expr","locations":[{"start":{"line":48,"column":12},"end":{"line":48,"column":35}},{"start":{"line":48,"column":39},"end":{"line":48,"column":57}}],"line":48},"9":{"loc":{"start":{"line":64,"column":17},"end":{"line":64,"column":62}},"type":"binary-expr","locations":[{"start":{"line":64,"column":17},"end":{"line":64,"column":33}},{"start":{"line":64,"column":37},"end":{"line":64,"column":62}}],"line":64}},"s":{"0":9,"1":9,"2":1,"3":1,"4":1,"5":1,"6":1,"7":1,"8":2,"9":2,"10":1,"11":1,"12":1,"13":1,"14":1,"15":1,"16":1,"17":1,"18":1,"19":1,"20":1,"21":0,"22":0,"23":0,"24":15,"25":0},"f":{"0":9,"1":1,"2":1,"3":1,"4":1,"5":2,"6":1,"7":1,"8":1,"9":1,"10":1,"11":1,"12":1,"13":0,"14":15,"15":0},"b":{"0":[1,8],"1":[1,8],"2":[1,8],"3":[1,8],"4":[1,1],"5":[2,2],"6":[1,0],"7":[1,0],"8":[1,0],"9":[15,1]},"_coverageSchema":"332fd63041d2c1bcb487cc26dd0d5f7d97098a6c","hash":"36e7ce982d0645d91b58fba01b5a72717a228b9f"}
,"C:\\Users\\Doğukan OLGUN\\Desktop\\JavaScript\\React\\expensify-app\\src\\components\\ExpenseList.js": {"path":"C:\\Users\\Doğukan OLGUN\\Desktop\\JavaScript\\React\\expensify-app\\src\\components\\ExpenseList.js","statementMap":{"0":{"start":{"line":6,"column":27},"end":{"line":19,"column":1}},"1":{"start":{"line":7,"column":4},"end":{"line":18,"column":10}},"2":{"start":{"line":14,"column":19},"end":{"line":14,"column":74}},"3":{"start":{"line":21,"column":24},"end":{"line":25,"column":1}},"4":{"start":{"line":22,"column":1},"end":{"line":24,"column":3}}},"fnMap":{"0":{"name":"(anonymous_0)","decl":{"start":{"line":6,"column":27},"end":{"line":6,"column":28}},"loc":{"start":{"line":7,"column":4},"end":{"line":18,"column":10}},"line":7},"1":{"name":"(anonymous_1)","decl":{"start":{"line":13,"column":35},"end":{"line":13,"column":36}},"loc":{"start":{"line":13,"column":48},"end":{"line":15,"column":17}},"line":13},"2":{"name":"(anonymous_2)","decl":{"start":{"line":21,"column":24},"end":{"line":21,"column":25}},"loc":{"start":{"line":21,"column":35},"end":{"line":25,"column":1}},"line":21}},"branchMap":{"0":{"loc":{"start":{"line":10,"column":12},"end":{"line":16,"column":13}},"type":"cond-expr","locations":[{"start":{"line":11,"column":16},"end":{"line":11,"column":34}},{"start":{"line":13,"column":16},"end":{"line":15,"column":18}}],"line":10}},"s":{"0":2,"1":2,"2":3,"3":2,"4":0},"f":{"0":2,"1":3,"2":0},"b":{"0":[1,1]},"_coverageSchema":"332fd63041d2c1bcb487cc26dd0d5f7d97098a6c","hash":"6bc06c8b9fb8c6f984b8064b5d55ca0ac4182184"}
,"C:\\Users\\Doğukan OLGUN\\Desktop\\JavaScript\\React\\expensify-app\\src\\components\\ExpenseListFilters.js": {"path":"C:\\Users\\Doğukan OLGUN\\Desktop\\JavaScript\\React\\expensify-app\\src\\components\\ExpenseListFilters.js","statementMap":{"0":{"start":{"line":17,"column":8},"end":{"line":17,"column":43}},"1":{"start":{"line":18,"column":8},"end":{"line":18,"column":39}},"2":{"start":{"line":21,"column":8},"end":{"line":21,"column":51}},"3":{"start":{"line":21,"column":29},"end":{"line":21,"column":48}},"4":{"start":{"line":24,"column":8},"end":{"line":24,"column":49}},"5":{"start":{"line":27,"column":8},"end":{"line":31,"column":9}},"6":{"start":{"line":28,"column":12},"end":{"line":28,"column":36}},"7":{"start":{"line":29,"column":15},"end":{"line":31,"column":9}},"8":{"start":{"line":30,"column":12},"end":{"line":30,"column":38}},"9":{"start":{"line":34,"column":8},"end":{"line":59,"column":10}},"10":{"start":{"line":56,"column":42},"end":{"line":56,"column":47}},"11":{"start":{"line":63,"column":24},"end":{"line":65,"column":2}},"12":{"start":{"line":63,"column":36},"end":{"line":65,"column":1}},"13":{"start":{"line":67,"column":27},"end":{"line":73,"column":2}},"14":{"start":{"line":67,"column":42},"end":{"line":73,"column":1}},"15":{"start":{"line":68,"column":29},"end":{"line":68,"column":58}},"16":{"start":{"line":69,"column":22},"end":{"line":69,"column":44}},"17":{"start":{"line":70,"column":24},"end":{"line":70,"column":48}},"18":{"start":{"line":71,"column":33},"end":{"line":71,"column":66}},"19":{"start":{"line":72,"column":29},"end":{"line":72,"column":58}}},"fnMap":{"0":{"name":"(anonymous_0)","decl":{"start":{"line":16,"column":20},"end":{"line":16,"column":21}},"loc":{"start":{"line":16,"column":48},"end":{"line":19,"column":5}},"line":16},"1":{"name":"(anonymous_1)","decl":{"start":{"line":20,"column":20},"end":{"line":20,"column":21}},"loc":{"start":{"line":20,"column":41},"end":{"line":22,"column":5}},"line":20},"2":{"name":"(anonymous_2)","decl":{"start":{"line":21,"column":22},"end":{"line":21,"column":23}},"loc":{"start":{"line":21,"column":29},"end":{"line":21,"column":48}},"line":21},"3":{"name":"(anonymous_3)","decl":{"start":{"line":23,"column":19},"end":{"line":23,"column":20}},"loc":{"start":{"line":23,"column":26},"end":{"line":25,"column":5}},"line":23},"4":{"name":"(anonymous_4)","decl":{"start":{"line":26,"column":19},"end":{"line":26,"column":20}},"loc":{"start":{"line":26,"column":26},"end":{"line":32,"column":5}},"line":26},"5":{"name":"(anonymous_5)","decl":{"start":{"line":33,"column":4},"end":{"line":33,"column":5}},"loc":{"start":{"line":33,"column":13},"end":{"line":60,"column":5}},"line":33},"6":{"name":"(anonymous_6)","decl":{"start":{"line":56,"column":36},"end":{"line":56,"column":37}},"loc":{"start":{"line":56,"column":42},"end":{"line":56,"column":47}},"line":56},"7":{"name":"(anonymous_7)","decl":{"start":{"line":63,"column":24},"end":{"line":63,"column":25}},"loc":{"start":{"line":63,"column":36},"end":{"line":65,"column":1}},"line":63},"8":{"name":"(anonymous_8)","decl":{"start":{"line":67,"column":27},"end":{"line":67,"column":28}},"loc":{"start":{"line":67,"column":42},"end":{"line":73,"column":1}},"line":67},"9":{"name":"(anonymous_9)","decl":{"start":{"line":68,"column":19},"end":{"line":68,"column":20}},"loc":{"start":{"line":68,"column":29},"end":{"line":68,"column":58}},"line":68},"10":{"name":"(anonymous_10)","decl":{"start":{"line":69,"column":16},"end":{"line":69,"column":17}},"loc":{"start":{"line":69,"column":22},"end":{"line":69,"column":44}},"line":69},"11":{"name":"(anonymous_11)","decl":{"start":{"line":70,"column":18},"end":{"line":70,"column":19}},"loc":{"start":{"line":70,"column":24},"end":{"line":70,"column":48}},"line":70},"12":{"name":"(anonymous_12)","decl":{"start":{"line":71,"column":18},"end":{"line":71,"column":19}},"loc":{"start":{"line":71,"column":33},"end":{"line":71,"column":66}},"line":71},"13":{"name":"(anonymous_13)","decl":{"start":{"line":72,"column":16},"end":{"line":72,"column":17}},"loc":{"start":{"line":72,"column":29},"end":{"line":72,"column":58}},"line":72}},"branchMap":{"0":{"loc":{"start":{"line":27,"column":8},"end":{"line":31,"column":9}},"type":"if","locations":[{"start":{"line":27,"column":8},"end":{"line":31,"column":9}},{"start":{"line":27,"column":8},"end":{"line":31,"column":9}}],"line":27},"1":{"loc":{"start":{"line":29,"column":15},"end":{"line":31,"column":9}},"type":"if","locations":[{"start":{"line":29,"column":15},"end":{"line":31,"column":9}},{"start":{"line":29,"column":15},"end":{"line":31,"column":9}}],"line":29}},"s":{"0":1,"1":1,"2":1,"3":1,"4":1,"5":2,"6":1,"7":1,"8":1,"9":10,"10":0,"11":2,"12":0,"13":2,"14":0,"15":0,"16":0,"17":0,"18":0,"19":0},"f":{"0":1,"1":1,"2":1,"3":1,"4":2,"5":10,"6":0,"7":0,"8":0,"9":0,"10":0,"11":0,"12":0,"13":0},"b":{"0":[1,1],"1":[1,0]},"_coverageSchema":"332fd63041d2c1bcb487cc26dd0d5f7d97098a6c","hash":"f0a12ea0b60848a1470e4240592231c879515d02"}
,"C:\\Users\\Doğukan OLGUN\\Desktop\\JavaScript\\React\\expensify-app\\src\\components\\ExpenseListItem.js": {"path":"C:\\Users\\Doğukan OLGUN\\Desktop\\JavaScript\\React\\expensify-app\\src\\components\\ExpenseListItem.js","statementMap":{"0":{"start":{"line":4,"column":24},"end":{"line":11,"column":1}},"1":{"start":{"line":5,"column":4},"end":{"line":10,"column":10}}},"fnMap":{"0":{"name":"(anonymous_0)","decl":{"start":{"line":4,"column":24},"end":{"line":4,"column":25}},"loc":{"start":{"line":5,"column":4},"end":{"line":10,"column":10}},"line":5}},"branchMap":{},"s":{"0":3,"1":1},"f":{"0":1},"b":{},"_coverageSchema":"332fd63041d2c1bcb487cc26dd0d5f7d97098a6c","hash":"84c241d9734e3e8c5206965034d62e66c430547a"}
,"C:\\Users\\Doğukan OLGUN\\Desktop\\JavaScript\\React\\expensify-app\\src\\reducers\\expenses.js": {"path":"C:\\Users\\Doğukan OLGUN\\Desktop\\JavaScript\\React\\expensify-app\\src\\reducers\\expenses.js","statementMap":{"0":{"start":{"line":1,"column":36},"end":{"line":1,"column":38}},"1":{"start":{"line":5,"column":4},"end":{"line":27,"column":5}},"2":{"start":{"line":7,"column":12},"end":{"line":10,"column":14}},"3":{"start":{"line":13,"column":12},"end":{"line":13,"column":62}},"4":{"start":{"line":13,"column":44},"end":{"line":13,"column":60}},"5":{"start":{"line":15,"column":12},"end":{"line":24,"column":15}},"6":{"start":{"line":16,"column":16},"end":{"line":23,"column":17}},"7":{"start":{"line":17,"column":20},"end":{"line":20,"column":22}},"8":{"start":{"line":22,"column":20},"end":{"line":22,"column":35}},"9":{"start":{"line":26,"column":12},"end":{"line":26,"column":25}}},"fnMap":{"0":{"name":"(anonymous_0)","decl":{"start":{"line":4,"column":15},"end":{"line":4,"column":16}},"loc":{"start":{"line":4,"column":64},"end":{"line":28,"column":1}},"line":4},"1":{"name":"(anonymous_1)","decl":{"start":{"line":13,"column":32},"end":{"line":13,"column":33}},"loc":{"start":{"line":13,"column":44},"end":{"line":13,"column":60}},"line":13},"2":{"name":"(anonymous_2)","decl":{"start":{"line":15,"column":29},"end":{"line":15,"column":30}},"loc":{"start":{"line":15,"column":42},"end":{"line":24,"column":13}},"line":15}},"branchMap":{"0":{"loc":{"start":{"line":4,"column":16},"end":{"line":4,"column":51}},"type":"default-arg","locations":[{"start":{"line":4,"column":24},"end":{"line":4,"column":51}}],"line":4},"1":{"loc":{"start":{"line":5,"column":4},"end":{"line":27,"column":5}},"type":"switch","locations":[{"start":{"line":6,"column":8},"end":{"line":10,"column":14}},{"start":{"line":11,"column":8},"end":{"line":13,"column":62}},{"start":{"line":14,"column":8},"end":{"line":24,"column":15}},{"start":{"line":25,"column":8},"end":{"line":26,"column":25}}],"line":5},"2":{"loc":{"start":{"line":16,"column":16},"end":{"line":23,"column":17}},"type":"if","locations":[{"start":{"line":16,"column":16},"end":{"line":23,"column":17}},{"start":{"line":16,"column":16},"end":{"line":23,"column":17}}],"line":16}},"s":{"0":1,"1":6,"2":1,"3":2,"4":6,"5":2,"6":6,"7":1,"8":5,"9":1},"f":{"0":6,"1":6,"2":6},"b":{"0":[1],"1":[1,2,2,1],"2":[1,5]},"_coverageSchema":"332fd63041d2c1bcb487cc26dd0d5f7d97098a6c","hash":"70d17aa1572b9f84059bff2945fec3a09dfdf260"}
,"C:\\Users\\Doğukan OLGUN\\Desktop\\JavaScript\\React\\expensify-app\\src\\selectors\\expenses.js": {"path":"C:\\Users\\Doğukan OLGUN\\Desktop\\JavaScript\\React\\expensify-app\\src\\selectors\\expenses.js","statementMap":{"0":{"start":{"line":5,"column":4},"end":{"line":18,"column":7}},"1":{"start":{"line":6,"column":32},"end":{"line":6,"column":57}},"2":{"start":{"line":7,"column":31},"end":{"line":7,"column":98}},"3":{"start":{"line":8,"column":29},"end":{"line":8,"column":91}},"4":{"start":{"line":9,"column":26},"end":{"line":9,"column":88}},"5":{"start":{"line":11,"column":8},"end":{"line":11,"column":59}},"6":{"start":{"line":13,"column":8},"end":{"line":17,"column":9}},"7":{"start":{"line":14,"column":12},"end":{"line":14,"column":54}},"8":{"start":{"line":15,"column":15},"end":{"line":17,"column":9}},"9":{"start":{"line":16,"column":12},"end":{"line":16,"column":48}}},"fnMap":{"0":{"name":"(anonymous_0)","decl":{"start":{"line":4,"column":15},"end":{"line":4,"column":16}},"loc":{"start":{"line":4,"column":67},"end":{"line":19,"column":1}},"line":4},"1":{"name":"(anonymous_1)","decl":{"start":{"line":5,"column":27},"end":{"line":5,"column":28}},"loc":{"start":{"line":5,"column":40},"end":{"line":12,"column":5}},"line":5},"2":{"name":"(anonymous_2)","decl":{"start":{"line":12,"column":12},"end":{"line":12,"column":13}},"loc":{"start":{"line":12,"column":22},"end":{"line":18,"column":5}},"line":12}},"branchMap":{"0":{"loc":{"start":{"line":7,"column":31},"end":{"line":7,"column":98}},"type":"cond-expr","locations":[{"start":{"line":7,"column":43},"end":{"line":7,"column":91}},{"start":{"line":7,"column":94},"end":{"line":7,"column":98}}],"line":7},"1":{"loc":{"start":{"line":8,"column":29},"end":{"line":8,"column":91}},"type":"cond-expr","locations":[{"start":{"line":8,"column":39},"end":{"line":8,"column":84}},{"start":{"line":8,"column":87},"end":{"line":8,"column":91}}],"line":8},"2":{"loc":{"start":{"line":11,"column":15},"end":{"line":11,"column":58}},"type":"binary-expr","locations":[{"start":{"line":11,"column":15},"end":{"line":11,"column":29}},{"start":{"line":11,"column":33},"end":{"line":11,"column":45}},{"start":{"line":11,"column":49},"end":{"line":11,"column":58}}],"line":11},"3":{"loc":{"start":{"line":13,"column":8},"end":{"line":17,"column":9}},"type":"if","locations":[{"start":{"line":13,"column":8},"end":{"line":17,"column":9}},{"start":{"line":13,"column":8},"end":{"line":17,"column":9}}],"line":13},"4":{"loc":{"start":{"line":14,"column":19},"end":{"line":14,"column":53}},"type":"cond-expr","locations":[{"start":{"line":14,"column":47},"end":{"line":14,"column":48}},{"start":{"line":14,"column":51},"end":{"line":14,"column":53}}],"line":14},"5":{"loc":{"start":{"line":15,"column":15},"end":{"line":17,"column":9}},"type":"if","locations":[{"start":{"line":15,"column":15},"end":{"line":17,"column":9}},{"start":{"line":15,"column":15},"end":{"line":17,"column":9}}],"line":15},"6":{"loc":{"start":{"line":16,"column":19},"end":{"line":16,"column":47}},"type":"cond-expr","locations":[{"start":{"line":16,"column":41},"end":{"line":16,"column":42}},{"start":{"line":16,"column":45},"end":{"line":16,"column":47}}],"line":16}},"s":{"0":5,"1":15,"2":15,"3":15,"4":15,"5":15,"6":11,"7":7,"8":4,"9":4},"f":{"0":5,"1":15,"2":11},"b":{"0":[3,12],"1":[3,12],"2":[15,14,13],"3":[7,4],"4":[2,5],"5":[4,0],"6":[2,2]},"_coverageSchema":"332fd63041d2c1bcb487cc26dd0d5f7d97098a6c","hash":"23a31a4bb17075e10c073f2677e4f7376d48add3"}
,"C:\\Users\\Doğukan OLGUN\\Desktop\\JavaScript\\React\\expensify-app\\src\\tests\\setupTests.js": {"path":"C:\\Users\\Doğukan OLGUN\\Desktop\\JavaScript\\React\\expensify-app\\src\\tests\\setupTests.js","statementMap":{"0":{"start":{"line":4,"column":0},"end":{"line":4,"column":38}}},"fnMap":{},"branchMap":{},"s":{"0":9},"f":{},"b":{},"_coverageSchema":"332fd63041d2c1bcb487cc26dd0d5f7d97098a6c","hash":"28cfa263acad325546fb4a27f07e32e0a5bff80c"}
,"C:\\Users\\Doğukan OLGUN\\Desktop\\JavaScript\\React\\expensify-app\\src\\tests\\fixtures\\expenses.js": {"path":"C:\\Users\\Doğukan OLGUN\\Desktop\\JavaScript\\React\\expensify-app\\src\\tests\\fixtures\\expenses.js","statementMap":{},"fnMap":{},"branchMap":{},"s":{},"f":{},"b":{},"_coverageSchema":"332fd63041d2c1bcb487cc26dd0d5f7d97098a6c","hash":"45b2f8e894bd811726f7f4265fedbf53396d29c7"}
,"C:\\Users\\Doğukan OLGUN\\Desktop\\JavaScript\\React\\expensify-app\\src\\tests\\fixtures\\filters.js": {"path":"C:\\Users\\Doğukan OLGUN\\Desktop\\JavaScript\\React\\expensify-app\\src\\tests\\fixtures\\filters.js","statementMap":{"0":{"start":{"line":3,"column":16},"end":{"line":8,"column":1}},"1":{"start":{"line":10,"column":19},"end":{"line":15,"column":1}}},"fnMap":{},"branchMap":{},"s":{"0":1,"1":1},"f":{},"b":{},"_coverageSchema":"332fd63041d2c1bcb487cc26dd0d5f7d97098a6c","hash":"3d8c2b4aa15511dd5ae941ed30f7ca8ed77ca86c"}
}
