TN:
SF:C:\Users\Doğukan OLGUN\Desktop\MERN\expensify-app\src\actions\expenses.js
FN:4,(anonymous_0)
FN:21,(anonymous_1)
FN:27,(anonymous_2)
FNF:3
FNH:3
FNDA:2,(anonymous_0)
FNDA:1,(anonymous_1)
FNDA:1,(anonymous_2)
DA:4,3
DA:9,2
DA:21,3
DA:27,3
LF:4
LH:4
BRDA:4,0,0,1
BRDA:5,1,0,1
BRDA:6,2,0,1
BRDA:7,3,0,1
BRDA:8,4,0,1
BRDA:21,5,0,0
BRF:6
BRH:5
end_of_record
TN:
SF:C:\Users\Doğukan OLGUN\Desktop\MERN\expensify-app\src\actions\filters.js
FN:2,(anonymous_0)
FN:8,(anonymous_1)
FN:13,(anonymous_2)
FN:18,(anonymous_3)
FN:24,(anonymous_4)
FNF:5
FNH:5
FNDA:2,(anonymous_0)
FNDA:1,(anonymous_1)
FNDA:1,(anonymous_2)
FNDA:1,(anonymous_3)
FNDA:1,(anonymous_4)
DA:2,3
DA:8,3
DA:13,3
DA:18,3
DA:24,3
LF:5
LH:5
BRDA:2,0,0,1
BRF:1
BRH:1
end_of_record
TN:
SF:C:\Users\Doğukan OLGUN\Desktop\MERN\expensify-app\src\components\AddExpensePage.js
FN:7,(anonymous_0)
FN:11,(anonymous_1)
FN:21,(anonymous_2)
FN:22,(anonymous_3)
FNF:4
FNH:2
FNDA:1,(anonymous_0)
FNDA:2,(anonymous_1)
FNDA:0,(anonymous_2)
FNDA:0,(anonymous_3)
DA:8,1
DA:9,1
DA:12,2
DA:21,1
DA:22,0
LF:5
LH:4
BRF:0
BRH:0
end_of_record
TN:
SF:C:\Users\Doğukan OLGUN\Desktop\MERN\expensify-app\src\components\EditExpensePage.js
FN:7,(anonymous_0)
FN:11,(anonymous_1)
FN:15,(anonymous_2)
FN:25,(anonymous_3)
FN:27,(anonymous_4)
FN:31,(anonymous_5)
FN:32,(anonymous_6)
FN:33,(anonymous_7)
FNF:8
FNH:3
FNDA:1,(anonymous_0)
FNDA:1,(anonymous_1)
FNDA:3,(anonymous_2)
FNDA:0,(anonymous_3)
FNDA:0,(anonymous_4)
FNDA:0,(anonymous_5)
FNDA:0,(anonymous_6)
FNDA:0,(anonymous_7)
DA:8,1
DA:9,1
DA:12,1
DA:13,1
DA:16,3
DA:25,1
DA:27,0
DA:31,1
DA:32,0
DA:33,0
LF:10
LH:7
BRF:0
BRH:0
end_of_record
TN:
SF:C:\Users\Doğukan OLGUN\Desktop\MERN\expensify-app\src\components\ExpenseDashboardPage.js
FN:5,(anonymous_0)
FNF:1
FNH:1
FNDA:1,(anonymous_0)
DA:5,1
DA:6,1
LF:2
LH:2
BRF:0
BRH:0
end_of_record
TN:
SF:C:\Users\Doğukan OLGUN\Desktop\MERN\expensify-app\src\components\ExpenseForm.js
FN:11,(anonymous_0)
FN:23,(anonymous_1)
FN:25,(anonymous_2)
FN:27,(anonymous_3)
FN:29,(anonymous_4)
FN:31,(anonymous_5)
FN:34,(anonymous_6)
FN:37,(anonymous_7)
FN:39,(anonymous_8)
FN:42,(anonymous_9)
FN:43,(anonymous_10)
FN:45,(anonymous_11)
FN:50,(anonymous_12)
FN:52,(anonymous_13)
FN:61,(anonymous_14)
FN:85,(anonymous_15)
FNF:16
FNH:15
FNDA:10,(anonymous_0)
FNDA:1,(anonymous_1)
FNDA:1,(anonymous_2)
FNDA:1,(anonymous_3)
FNDA:1,(anonymous_4)
FNDA:2,(anonymous_5)
FNDA:1,(anonymous_6)
FNDA:1,(anonymous_7)
FNDA:1,(anonymous_8)
FNDA:1,(anonymous_9)
FNDA:1,(anonymous_10)
FNDA:2,(anonymous_11)
FNDA:1,(anonymous_12)
FNDA:1,(anonymous_13)
FNDA:17,(anonymous_14)
FNDA:0,(anonymous_15)
DA:12,10
DA:14,10
DA:24,1
DA:25,1
DA:28,1
DA:29,1
DA:32,2
DA:33,2
DA:34,1
DA:38,1
DA:39,1
DA:43,1
DA:46,2
DA:48,2
DA:50,1
DA:52,1
DA:53,1
DA:62,17
DA:85,0
LF:19
LH:18
BRDA:15,0,0,2
BRDA:15,0,1,8
BRDA:16,1,0,2
BRDA:16,1,1,8
BRDA:17,2,0,2
BRDA:17,2,1,8
BRDA:18,3,0,2
BRDA:18,3,1,8
BRDA:33,4,0,1
BRDA:33,4,1,1
BRDA:33,5,0,2
BRDA:33,5,1,2
BRDA:38,6,0,1
BRDA:38,6,1,0
BRDA:48,7,0,1
BRDA:48,7,1,1
BRDA:48,8,0,2
BRDA:48,8,1,1
BRDA:64,9,0,17
BRDA:64,9,1,1
BRF:20
BRH:19
end_of_record
TN:
SF:C:\Users\Doğukan OLGUN\Desktop\MERN\expensify-app\src\components\ExpenseList.js
FN:6,(anonymous_0)
FN:13,(anonymous_1)
FN:21,(anonymous_2)
FNF:3
FNH:2
FNDA:2,(anonymous_0)
FNDA:3,(anonymous_1)
FNDA:0,(anonymous_2)
DA:6,2
DA:7,2
DA:14,3
DA:21,2
DA:22,0
LF:5
LH:4
BRDA:10,0,0,1
BRDA:10,0,1,1
BRF:2
BRH:2
end_of_record
TN:
SF:C:\Users\Doğukan OLGUN\Desktop\MERN\expensify-app\src\components\ExpenseListFilters.js
FN:16,(anonymous_0)
FN:20,(anonymous_1)
FN:21,(anonymous_2)
FN:23,(anonymous_3)
FN:26,(anonymous_4)
FN:33,(anonymous_5)
FN:56,(anonymous_6)
FN:63,(anonymous_7)
FN:67,(anonymous_8)
FN:68,(anonymous_9)
FN:69,(anonymous_10)
FN:70,(anonymous_11)
FN:71,(anonymous_12)
FN:72,(anonymous_13)
FNF:14
FNH:6
FNDA:1,(anonymous_0)
FNDA:1,(anonymous_1)
FNDA:1,(anonymous_2)
FNDA:1,(anonymous_3)
FNDA:2,(anonymous_4)
FNDA:10,(anonymous_5)
FNDA:0,(anonymous_6)
FNDA:0,(anonymous_7)
FNDA:0,(anonymous_8)
FNDA:0,(anonymous_9)
FNDA:0,(anonymous_10)
FNDA:0,(anonymous_11)
FNDA:0,(anonymous_12)
FNDA:0,(anonymous_13)
DA:17,1
DA:18,1
DA:21,1
DA:24,1
DA:27,2
DA:28,1
DA:29,1
DA:30,1
DA:34,10
DA:56,0
DA:63,2
DA:67,2
DA:68,0
DA:69,0
DA:70,0
DA:71,0
DA:72,0
LF:17
LH:11
BRDA:27,0,0,1
BRDA:27,0,1,1
BRDA:29,1,0,1
BRDA:29,1,1,0
BRF:4
BRH:3
end_of_record
TN:
SF:C:\Users\Doğukan OLGUN\Desktop\MERN\expensify-app\src\components\ExpenseListItem.js
FN:4,(anonymous_0)
FNF:1
FNH:1
FNDA:1,(anonymous_0)
DA:4,3
DA:5,1
LF:2
LH:2
BRF:0
BRH:0
end_of_record
TN:
SF:C:\Users\Doğukan OLGUN\Desktop\MERN\expensify-app\src\components\Header.js
FN:5,(anonymous_0)
FNF:1
FNH:1
FNDA:1,(anonymous_0)
DA:5,1
DA:6,1
LF:2
LH:2
BRF:0
BRH:0
end_of_record
TN:
SF:C:\Users\Doğukan OLGUN\Desktop\MERN\expensify-app\src\components\NotFoundPage.js
FN:5,(anonymous_0)
FNF:1
FNH:1
FNDA:1,(anonymous_0)
DA:5,1
DA:6,1
LF:2
LH:2
BRF:0
BRH:0
end_of_record
TN:
SF:C:\Users\Doğukan OLGUN\Desktop\MERN\expensify-app\src\reducers\expenses.js
FN:4,(anonymous_0)
FN:9,(anonymous_1)
FN:11,(anonymous_2)
FNF:3
FNH:3
FNDA:6,(anonymous_0)
FNDA:6,(anonymous_1)
FNDA:6,(anonymous_2)
DA:1,1
DA:5,6
DA:7,1
DA:9,6
DA:11,2
DA:12,6
DA:13,1
DA:18,5
DA:22,1
LF:9
LH:9
BRDA:4,0,0,1
BRDA:5,1,0,1
BRDA:5,1,1,2
BRDA:5,1,2,2
BRDA:5,1,3,1
BRDA:12,2,0,1
BRDA:12,2,1,5
BRF:7
BRH:7
end_of_record
TN:
SF:C:\Users\Doğukan OLGUN\Desktop\MERN\expensify-app\src\reducers\filters.js
FN:13,(anonymous_0)
FNF:1
FNH:1
FNDA:6,(anonymous_0)
DA:5,1
DA:14,6
DA:16,1
DA:21,1
DA:26,1
DA:31,1
DA:36,1
DA:41,1
LF:8
LH:8
BRDA:13,0,0,5
BRDA:14,1,0,1
BRDA:14,1,1,1
BRDA:14,1,2,1
BRDA:14,1,3,1
BRDA:14,1,4,1
BRDA:14,1,5,1
BRF:7
BRH:7
end_of_record
TN:
SF:C:\Users\Doğukan OLGUN\Desktop\MERN\expensify-app\src\selectors\expenses.js
FN:5,(anonymous_0)
FN:7,(anonymous_1)
FN:21,(anonymous_2)
FNF:3
FNH:3
FNDA:5,(anonymous_0)
FNDA:15,(anonymous_1)
FNDA:11,(anonymous_2)
DA:6,5
DA:8,15
DA:9,15
DA:12,15
DA:15,15
DA:19,15
DA:22,11
DA:23,7
DA:24,4
DA:25,4
LF:10
LH:10
BRDA:9,0,0,3
BRDA:9,0,1,12
BRDA:12,1,0,3
BRDA:12,1,1,12
BRDA:19,2,0,15
BRDA:19,2,1,14
BRDA:19,2,2,13
BRDA:22,3,0,7
BRDA:22,3,1,4
BRDA:23,4,0,2
BRDA:23,4,1,5
BRDA:24,5,0,4
BRDA:24,5,1,0
BRDA:25,6,0,2
BRDA:25,6,1,2
BRF:15
BRH:14
end_of_record
TN:
SF:C:\Users\Doğukan OLGUN\Desktop\MERN\expensify-app\src\tests\setupTests.js
FNF:0
FNH:0
DA:4,14
LF:1
LH:1
BRF:0
BRH:0
end_of_record
TN:
SF:C:\Users\Doğukan OLGUN\Desktop\MERN\expensify-app\src\tests\fixtures\expenses.js
FNF:0
FNH:0
LF:0
LH:0
BRF:0
BRH:0
end_of_record
TN:
SF:C:\Users\Doğukan OLGUN\Desktop\MERN\expensify-app\src\tests\fixtures\filters.js
FNF:0
FNH:0
DA:3,1
DA:10,1
LF:2
LH:2
BRF:0
BRH:0
end_of_record
